DEBUG:paramiko.transport:starting thread (client mode): 0xa744cd0
DEBUG:paramiko.transport:Local version/idstring: SSH-2.0-paramiko_3.5.0
DEBUG:paramiko.transport:Remote version/idstring: SSH-2.0-dropbear
INFO:paramiko.transport:Connected (version 2.0, client dropbear)
DEBUG:paramiko.transport:=== Key exchange possibilities ===
DEBUG:paramiko.transport:kex algos: curve25519-sha256, curve25519-sha256@libssh.org, diffie-hellman-group14-sha256, diffie-hellman-group14-sha1, kexguess2@matt.ucc.asn.au, kex-strict-s-v00@openssh.com
DEBUG:paramiko.transport:server key: ssh-ed25519, rsa-sha2-256, ssh-rsa
DEBUG:paramiko.transport:client encrypt: chacha20-poly1305@openssh.com, aes128-ctr, aes256-ctr
DEBUG:paramiko.transport:server encrypt: chacha20-poly1305@openssh.com, aes128-ctr, aes256-ctr
DEBUG:paramiko.transport:client mac: hmac-sha1, hmac-sha2-256
DEBUG:paramiko.transport:server mac: hmac-sha1, hmac-sha2-256
DEBUG:paramiko.transport:client compress: none
DEBUG:paramiko.transport:server compress: none
DEBUG:paramiko.transport:client lang: <none>
DEBUG:paramiko.transport:server lang: <none>
DEBUG:paramiko.transport:kex follows: False
DEBUG:paramiko.transport:=== Key exchange agreements ===
DEBUG:paramiko.transport:Strict kex mode: True
DEBUG:paramiko.transport:Kex: curve25519-sha256@libssh.org
DEBUG:paramiko.transport:HostKey: ssh-ed25519
DEBUG:paramiko.transport:Cipher: aes128-ctr
DEBUG:paramiko.transport:MAC: hmac-sha2-256
DEBUG:paramiko.transport:Compression: none
DEBUG:paramiko.transport:=== End of kex handshake ===
DEBUG:paramiko.transport:Resetting outbound seqno after NEWKEYS due to strict mode
DEBUG:paramiko.transport:kex engine KexCurve25519 specified hash_algo <built-in function openssl_sha256>
DEBUG:paramiko.transport:Switch to new keys ...
DEBUG:paramiko.transport:Resetting inbound seqno after NEWKEYS due to strict mode
DEBUG:paramiko.transport:Got EXT_INFO: {'server-sig-algs': b'ssh-ed25519,sk-ssh-ed25519@openssh.com,rsa-sha2-256,ssh-rsa'}
DEBUG:paramiko.transport:Adding ssh-ed25519 host key for [192.168.56.3]:22: b'2db36c9b43d0f9bc41ccdc44dd175dde'
DEBUG:paramiko.transport:userauth is OK
INFO:paramiko.transport:Authentication (password) successful!
DEBUG:paramiko.transport:[chan 0] Max packet in: 32768 bytes
DEBUG:paramiko.transport:[chan 0] Max packet out: 32759 bytes
DEBUG:paramiko.transport:Secsh channel 0 opened.
DEBUG:paramiko.transport:[chan 0] Sesch channel 0 request ok
DEBUG:paramiko.transport:[chan 0] EOF received (0)
DEBUG:paramiko.transport:[chan 0] EOF sent (0)
INFO:django.utils.autoreload:/opt/vi/server/core_utils/core.py changed, reloading.
