INFO:werkzeug:127.0.0.1 - - [03/Dec/2024 10:17:04] "POST /jsonrpc HTTP/1.1" 200 -
INFO:werkzeug: * Running on http://localhost:4001/ (Press CTRL+C to quit)
INFO:__main__:arkapi.py
arklib.py
core.py
LICENSE
logs
main.py
__pycache__
README.md
socksclient.py
socksserver.py
templates
tr181.py

INFO:werkzeug:127.0.0.1 - - [03/Dec/2024 10:17:44] "POST /jsonrpc HTTP/1.1" 200 -
INFO:werkzeug: * Running on http://localhost:4001/ (Press CTRL+C to quit)
INFO:__main__:Execute Command : ls
INFO:werkzeug:127.0.0.1 - - [03/Dec/2024 10:22:01] "POST /jsonrpc HTTP/1.1" 200 -
INFO:__main__:Execute Command : ls
INFO:werkzeug:127.0.0.1 - - [03/Dec/2024 10:23:27] "POST /jsonrpc HTTP/1.1" 200 -
INFO:werkzeug: * Running on http://localhost:4001/ (Press CTRL+C to quit)
INFO:__main__:Execute Command : ls
INFO:__main__:Output : arkapi.py
arklib.py
core.py
LICENSE
logs
main.py
__pycache__
README.md
socksclient.py
socksserver.py
templates
tr181.py

INFO:werkzeug:127.0.0.1 - - [03/Dec/2024 10:23:52] "POST /jsonrpc HTTP/1.1" 200 -
INFO:werkzeug: * Running on http://localhost:4001/ (Press CTRL+C to quit)
INFO:__main__:Execute Command : ifconfig eth0 | grep 'netmask ' | awk '{print $4}'
INFO:__main__:Output : 255.255.255.0

INFO:werkzeug:127.0.0.1 - - [03/Dec/2024 10:52:21] "POST /jsonrpc HTTP/1.1" 200 -
WARNING:werkzeug: * Running on all addresses.
   WARNING: This is a development server. Do not use it in a production deployment.
INFO:werkzeug: * Running on http://10.10.10.3:4001/ (Press CTRL+C to quit)
WARNING:werkzeug: * Running on all addresses.
   WARNING: This is a development server. Do not use it in a production deployment.
INFO:werkzeug: * Running on http://10.10.10.3:4001/ (Press CTRL+C to quit)
INFO:__main__:Execute Command : iw wlan0 | get_channelno | awk '{print $2}'
INFO:__main__:Output : 
INFO:werkzeug:127.0.0.1 - - [03/Dec/2024 11:09:44] "POST /jsonrpc HTTP/1.1" 200 -
INFO:__main__:Execute Command : iw wlan0 | get_channelno | awk '{print $2}'
INFO:__main__:Output : 
INFO:werkzeug:127.0.0.1 - - [03/Dec/2024 11:19:51] "POST /jsonrpc HTTP/1.1" 200 -
WARNING:werkzeug: * Running on all addresses.
   WARNING: This is a development server. Do not use it in a production deployment.
INFO:werkzeug: * Running on http://10.10.10.3:4001/ (Press CTRL+C to quit)
INFO:__main__:Execute Command : iw wlan0 | get_channel | awk '{print $2}'
INFO:__main__:Output : 
INFO:werkzeug:127.0.0.1 - - [03/Dec/2024 11:20:12] "POST /jsonrpc HTTP/1.1" 200 -
WARNING:werkzeug: * Running on all addresses.
   WARNING: This is a development server. Do not use it in a production deployment.
INFO:werkzeug: * Running on http://10.10.10.3:4001/ (Press CTRL+C to quit)
INFO:__main__:Execute Command : iw wlan0 | grep channel | awk '{print $2}'
INFO:__main__:Output : <devname>
the
<devname>
operating
<devname>
<devname>
or
on
<phyname>
available
<devname>
<phyname>
frequency/channel
all

INFO:werkzeug:127.0.0.1 - - [03/Dec/2024 11:20:36] "POST /jsonrpc HTTP/1.1" 200 -
WARNING:werkzeug: * Running on all addresses.
   WARNING: This is a development server. Do not use it in a production deployment.
INFO:werkzeug: * Running on http://10.10.10.3:4001/ (Press CTRL+C to quit)
INFO:__main__:Execute Command : iw wlan0 info | grep channel | awk '{print $2}'
INFO:__main__:Output : 
INFO:werkzeug:127.0.0.1 - - [03/Dec/2024 11:20:50] "POST /jsonrpc HTTP/1.1" 200 -
INFO:__main__:Execute Command : iw wlan0 info | grep channel | awk '{print $2}'
INFO:__main__:Output : 
INFO:werkzeug:127.0.0.1 - - [03/Dec/2024 11:25:05] "POST /jsonrpc HTTP/1.1" 200 -
INFO:__main__:Execute Command : iw wlan0 info | grep channel | awk '{print $2}'
INFO:__main__:Output : 36

INFO:werkzeug:127.0.0.1 - - [03/Dec/2024 11:25:35] "POST /jsonrpc HTTP/1.1" 200 -
INFO:__main__:Execute Command : iw wlan0 info | grep channel | awk '{print $2}'
INFO:__main__:Output : 
INFO:werkzeug:127.0.0.1 - - [03/Dec/2024 11:30:21] "POST /jsonrpc HTTP/1.1" 200 -
WARNING:werkzeug: * Running on all addresses.
   WARNING: This is a development server. Do not use it in a production deployment.
INFO:werkzeug: * Running on http://10.10.10.3:4001/ (Press CTRL+C to quit)
INFO:__main__:Execute Command : iw wlan0 info | grep channel | awk '{print $2}'
INFO:__main__:Output : 
INFO:werkzeug:127.0.0.1 - - [03/Dec/2024 11:31:57] "POST /jsonrpc HTTP/1.1" 200 -
WARNING:werkzeug: * Running on all addresses.
   WARNING: This is a development server. Do not use it in a production deployment.
INFO:werkzeug: * Running on http://10.10.10.3:4001/ (Press CTRL+C to quit)
INFO:__main__:Execute Command : ping -I eth0 -c 3 10.10.10.1 >> /dev/null && echo "SUCCESS" || echo "FAILURE"
INFO:__main__:Output : SUCCESS

INFO:werkzeug:127.0.0.1 - - [03/Dec/2024 14:48:04] "POST /jsonrpc HTTP/1.1" 200 -
INFO:__main__:Execute Command : ping -I eth0 -c 3 10.10.1.1 >> /dev/null && echo "SUCCESS" || echo "FAILURE"
INFO:__main__:Output : FAILURE

INFO:werkzeug:127.0.0.1 - - [03/Dec/2024 14:48:45] "POST /jsonrpc HTTP/1.1" 200 -
WARNING:werkzeug: * Running on all addresses.
   WARNING: This is a development server. Do not use it in a production deployment.
INFO:werkzeug: * Running on http://10.10.10.3:4001/ (Press CTRL+C to quit)
INFO:__main__:Execute Command : nmcli device wifi list | grep rdkb_alder | awk '{ print $10 }'
INFO:__main__:Output : 


































WPA3























INFO:werkzeug:127.0.0.1 - - [03/Dec/2024 14:50:57] "POST /jsonrpc HTTP/1.1" 200 -
WARNING:werkzeug: * Running on all addresses.
   WARNING: This is a development server. Do not use it in a production deployment.
INFO:werkzeug: * Running on http://10.10.10.3:4001/ (Press CTRL+C to quit)
WARNING:werkzeug: * Running on all addresses.
   WARNING: This is a development server. Do not use it in a production deployment.
INFO:werkzeug: * Running on http://10.10.10.3:4001/ (Press CTRL+C to quit)
WARNING:werkzeug: * Running on all addresses.
   WARNING: This is a development server. Do not use it in a production deployment.
INFO:werkzeug: * Running on http://10.10.10.3:4001/ (Press CTRL+C to quit)
INFO:__main__:Execute Command : curl --interface eth0 -o /dev/null --silent --head --write-out '%{http_code}
 www.google.com
INFO:__main__:Output : 
INFO:werkzeug:127.0.0.1 - - [03/Dec/2024 15:05:54] "POST /jsonrpc HTTP/1.1" 200 -
INFO:__main__:Execute Command : curl --interface eth0 -o /dev/null --silent --head --write-out '%{http_code}
 http://10.10.10.1:8080
INFO:__main__:Output : 
INFO:werkzeug:127.0.0.1 - - [03/Dec/2024 15:06:31] "POST /jsonrpc HTTP/1.1" 200 -
INFO:__main__:Execute Command : curl --interface eth0 -o /dev/null --silent --head --write-out '%{http_code}
 http://10.10.10.1:8080
INFO:__main__:Output : 
INFO:werkzeug:127.0.0.1 - - [03/Dec/2024 15:07:06] "POST /jsonrpc HTTP/1.1" 200 -
WARNING:werkzeug: * Running on all addresses.
   WARNING: This is a development server. Do not use it in a production deployment.
INFO:werkzeug: * Running on http://10.10.10.3:4001/ (Press CTRL+C to quit)
INFO:__main__:Execute Command : curl --interface eth0 -o /dev/null --silent --head --write-out '%{http_code}
 http://10.10.10.1:8080
WARNING:werkzeug: * Running on all addresses.
   WARNING: This is a development server. Do not use it in a production deployment.
INFO:werkzeug: * Running on http://10.10.10.3:4001/ (Press CTRL+C to quit)
INFO:__main__:Execute Command : curl --interface eth0 -o /dev/null --silent --head --write-out '%{http_code}
' http://10.10.10.1:8080
INFO:__main__:Output : 200

INFO:werkzeug:127.0.0.1 - - [03/Dec/2024 15:09:12] "POST /jsonrpc HTTP/1.1" 200 -
WARNING:werkzeug: * Running on all addresses.
   WARNING: This is a development server. Do not use it in a production deployment.
INFO:werkzeug: * Running on http://10.10.10.3:4001/ (Press CTRL+C to quit)
INFO:__main__:Execute Command : curl --interface eth0 -o /dev/null --silent --head --write-out '%{http_code}
' http://10.10.10.1:8080
INFO:__main__:Output : 200

INFO:werkzeug:127.0.0.1 - - [03/Dec/2024 15:18:53] "POST /jsonrpc HTTP/1.1" 200 -
WARNING:werkzeug: * Running on all addresses.
   WARNING: This is a development server. Do not use it in a production deployment.
INFO:werkzeug: * Running on http://10.10.10.3:4001/ (Press CTRL+C to quit)
INFO:__main__:Execute Command : curl --interface eth0 -o /dev/null --silent --head --write-out '%{http_code}
' http://10.10.10.1:8080
INFO:__main__:Output : 200

INFO:werkzeug:127.0.0.1 - - [03/Dec/2024 16:03:47] "POST /jsonrpc HTTP/1.1" 200 -
INFO:__main__:Execute Command : ls
INFO:__main__:Output : arkapi.py
arklib.py
core.py
LICENSE
logs
main.py
__pycache__
README.md
socksclient.py
socksserver.py
templates
tr181.py

INFO:werkzeug:127.0.0.1 - - [03/Dec/2024 16:06:42] "POST /jsonrpc HTTP/1.1" 200 -
INFO:__main__:Execute Command : ls /srv/tftp
INFO:__main__:Output : alder_tdk_433.rootfs.squashfs-xz
fit-ipq53xx-ap.mixx_433.itb
fit-ipq53xx-ap.mixx_441.itb
fit-ipq53xx-ap.mixx441.itb
fit-ipq95xx-ap.alxx.itb
ipq53xx_64-rdk-broadband-image_rdkb-2024q1-dunfell_20240528150103.rootfs.squashfs-xz
ipq95xx_64-rdk-broadband-image_TDK_rdkb-2023q4-dunfell_20240514063705.rootfs.squashfs-xz
nand-ipq5332_64-single_9.img
nand-ipq5332_64-single.img
nand-ipq5332_64-single_meta06.img
nand-ipq5332_64-single_meta10.img
norplusnand-ipq9574_64-single_8.img
norplusnand-ipq9574_64-single.img
norplusnand-ipq9574-single_165M.img
rdk-generic-broadband-tdk-image-ipq95xx_64-rdk-broadband.squashfs-xz
tdk_441_24_q1.rootfs.squashfs-xz
user@192.168.0.56

INFO:werkzeug:127.0.0.1 - - [03/Dec/2024 16:06:53] "POST /jsonrpc HTTP/1.1" 200 -
INFO:__main__:Execute Command : ~/ifc.o
ERROR:jsonrpc.manager:API Exception: {'type': 'UnicodeDecodeError', 'args': ('utf-8', b'Line: interface=wlp0s20f3\n\x88$\xad\xfb', 26, 27, 'invalid start byte'), 'message': "'utf-8' codec can't decode byte 0x88 in position 26: invalid start byte"}
Traceback (most recent call last):
  File "/home/vignesh/.local/lib/python3.11/site-packages/jsonrpc/manager.py", line 120, in _get_responses
    result = method(*request.args, **kwargs)
             ^^^^^^^^^^^^^^^^^^^^^^^^^^^^^^^
  File "/home/vignesh/ARK/socksclient.py", line 23, in execute_command
    result = subprocess.run(command, shell=True, capture_output=True, text=True)
             ^^^^^^^^^^^^^^^^^^^^^^^^^^^^^^^^^^^^^^^^^^^^^^^^^^^^^^^^^^^^^^^^^^^
  File "/usr/lib/python3.11/subprocess.py", line 550, in run
    stdout, stderr = process.communicate(input, timeout=timeout)
                     ^^^^^^^^^^^^^^^^^^^^^^^^^^^^^^^^^^^^^^^^^^^
  File "/usr/lib/python3.11/subprocess.py", line 1207, in communicate
    stdout, stderr = self._communicate(input, endtime, timeout)
                     ^^^^^^^^^^^^^^^^^^^^^^^^^^^^^^^^^^^^^^^^^^
  File "/usr/lib/python3.11/subprocess.py", line 2097, in _communicate
    stdout = self._translate_newlines(stdout,
             ^^^^^^^^^^^^^^^^^^^^^^^^^^^^^^^^
  File "/usr/lib/python3.11/subprocess.py", line 1084, in _translate_newlines
    data = data.decode(encoding, errors)
           ^^^^^^^^^^^^^^^^^^^^^^^^^^^^^
UnicodeDecodeError: 'utf-8' codec can't decode byte 0x88 in position 26: invalid start byte
INFO:werkzeug:127.0.0.1 - - [03/Dec/2024 16:09:48] "[35m[1mPOST /jsonrpc HTTP/1.1[0m" 500 -
ERROR:werkzeug:Error on request:
Traceback (most recent call last):
  File "/home/vignesh/.local/lib/python3.11/site-packages/werkzeug/serving.py", line 324, in run_wsgi
    execute(self.server.app)
  File "/home/vignesh/.local/lib/python3.11/site-packages/werkzeug/serving.py", line 313, in execute
    application_iter = app(environ, start_response)
  File "/home/vignesh/.local/lib/python3.11/site-packages/werkzeug/wrappers/request.py", line 206, in application
    resp = f(*args[:-2] + (request,))
  File "/home/vignesh/ARK/socksclient.py", line 156, in application
    return Response(response.json, mimetype='application/json')
  File "/home/vignesh/.local/lib/python3.11/site-packages/jsonrpc/base.py", line 87, in json
    return self.serialize(self.data)
  File "/usr/lib/python3.11/json/__init__.py", line 231, in dumps
    return _default_encoder.encode(obj)
  File "/usr/lib/python3.11/json/encoder.py", line 200, in encode
    chunks = self.iterencode(o, _one_shot=True)
  File "/usr/lib/python3.11/json/encoder.py", line 258, in iterencode
    return _iterencode(o, 0)
  File "/usr/lib/python3.11/json/encoder.py", line 180, in default
    raise TypeError(f'Object of type {o.__class__.__name__} '
TypeError: Object of type bytes is not JSON serializable
INFO:__main__:Execute Command : /home/vignesh/ifc.o
ERROR:jsonrpc.manager:API Exception: {'type': 'UnicodeDecodeError', 'args': ('utf-8', b'Line: interface=wlp0s20f3\n\x88$\xad\xfb', 26, 27, 'invalid start byte'), 'message': "'utf-8' codec can't decode byte 0x88 in position 26: invalid start byte"}
Traceback (most recent call last):
  File "/home/vignesh/.local/lib/python3.11/site-packages/jsonrpc/manager.py", line 120, in _get_responses
    result = method(*request.args, **kwargs)
             ^^^^^^^^^^^^^^^^^^^^^^^^^^^^^^^
  File "/home/vignesh/ARK/socksclient.py", line 23, in execute_command
    result = subprocess.run(command, shell=True, capture_output=True, text=True)
             ^^^^^^^^^^^^^^^^^^^^^^^^^^^^^^^^^^^^^^^^^^^^^^^^^^^^^^^^^^^^^^^^^^^
  File "/usr/lib/python3.11/subprocess.py", line 550, in run
    stdout, stderr = process.communicate(input, timeout=timeout)
                     ^^^^^^^^^^^^^^^^^^^^^^^^^^^^^^^^^^^^^^^^^^^
  File "/usr/lib/python3.11/subprocess.py", line 1207, in communicate
    stdout, stderr = self._communicate(input, endtime, timeout)
                     ^^^^^^^^^^^^^^^^^^^^^^^^^^^^^^^^^^^^^^^^^^
  File "/usr/lib/python3.11/subprocess.py", line 2097, in _communicate
    stdout = self._translate_newlines(stdout,
             ^^^^^^^^^^^^^^^^^^^^^^^^^^^^^^^^
  File "/usr/lib/python3.11/subprocess.py", line 1084, in _translate_newlines
    data = data.decode(encoding, errors)
           ^^^^^^^^^^^^^^^^^^^^^^^^^^^^^
UnicodeDecodeError: 'utf-8' codec can't decode byte 0x88 in position 26: invalid start byte
INFO:werkzeug:127.0.0.1 - - [03/Dec/2024 16:10:37] "[35m[1mPOST /jsonrpc HTTP/1.1[0m" 500 -
ERROR:werkzeug:Error on request:
Traceback (most recent call last):
  File "/home/vignesh/.local/lib/python3.11/site-packages/werkzeug/serving.py", line 324, in run_wsgi
    execute(self.server.app)
  File "/home/vignesh/.local/lib/python3.11/site-packages/werkzeug/serving.py", line 313, in execute
    application_iter = app(environ, start_response)
  File "/home/vignesh/.local/lib/python3.11/site-packages/werkzeug/wrappers/request.py", line 206, in application
    resp = f(*args[:-2] + (request,))
  File "/home/vignesh/ARK/socksclient.py", line 156, in application
    return Response(response.json, mimetype='application/json')
  File "/home/vignesh/.local/lib/python3.11/site-packages/jsonrpc/base.py", line 87, in json
    return self.serialize(self.data)
  File "/usr/lib/python3.11/json/__init__.py", line 231, in dumps
    return _default_encoder.encode(obj)
  File "/usr/lib/python3.11/json/encoder.py", line 200, in encode
    chunks = self.iterencode(o, _one_shot=True)
  File "/usr/lib/python3.11/json/encoder.py", line 258, in iterencode
    return _iterencode(o, 0)
  File "/usr/lib/python3.11/json/encoder.py", line 180, in default
    raise TypeError(f'Object of type {o.__class__.__name__} '
TypeError: Object of type bytes is not JSON serializable
INFO:__main__:Execute Command : ifconfig
INFO:__main__:Output : eth0: flags=4163<UP,BROADCAST,RUNNING,MULTICAST>  mtu 1500
        inet 10.10.10.3  netmask 255.255.255.0  broadcast 10.10.10.255
        inet6 fe80::d201:b3fc:51f3:e1e2  prefixlen 64  scopeid 0x20<link>
        ether ac:91:a1:25:a7:8c  txqueuelen 1000  (Ethernet)
        RX packets 366643  bytes 153025707 (145.9 MiB)
        RX errors 0  dropped 87739  overruns 0  frame 0
        TX packets 155845  bytes 37769248 (36.0 MiB)
        TX errors 0  dropped 0 overruns 0  carrier 0  collisions 0
        device interrupt 16  memory 0x9e000000-9e020000  

lo: flags=73<UP,LOOPBACK,RUNNING>  mtu 65536
        inet 127.0.0.1  netmask 255.0.0.0
        inet6 ::1  prefixlen 128  scopeid 0x10<host>
        loop  txqueuelen 1000  (Local Loopback)
        RX packets 330411  bytes 143467867 (136.8 MiB)
        RX errors 0  dropped 0  overruns 0  frame 0
        TX packets 330411  bytes 143467867 (136.8 MiB)
        TX errors 0  dropped 0 overruns 0  carrier 0  collisions 0

wlan0: flags=4099<UP,BROADCAST,MULTICAST>  mtu 1500
        ether 46:bb:93:73:c2:1c  txqueuelen 1000  (Ethernet)
        RX packets 870120  bytes 59114374 (56.3 MiB)
        RX errors 0  dropped 2  overruns 0  frame 0
        TX packets 120666  bytes 2524923420 (2.3 GiB)
        TX errors 0  dropped 0 overruns 0  carrier 0  collisions 0


INFO:werkzeug:127.0.0.1 - - [03/Dec/2024 16:10:53] "POST /jsonrpc HTTP/1.1" 200 -
INFO:__main__:Execute Command : iw dev
INFO:__main__:Output : phy#0
	Unnamed/non-netdev interface
		wdev 0xcb
		addr f4:c8:8a:e7:4a:e1
		type P2P-device
	Interface wlan0
		ifindex 3
		wdev 0x1
		addr 46:bb:93:73:c2:1c
		type managed
		txpower 22.00 dBm
		multicast TXQ:
			qsz-byt	qsz-pkt	flows	drops	marks	overlmt	hashcol	tx-bytes	tx-packets
			0	0	0	0	0	0	0	0		0

INFO:werkzeug:127.0.0.1 - - [03/Dec/2024 16:11:04] "POST /jsonrpc HTTP/1.1" 200 -
WARNING:werkzeug: * Running on all addresses.
   WARNING: This is a development server. Do not use it in a production deployment.
INFO:werkzeug: * Running on http://172.16.0.172:4001/ (Press CTRL+C to quit)
INFO:werkzeug:127.0.0.1 - - [04/Dec/2024 09:50:52] "GET / HTTP/1.1" 200 -
INFO:werkzeug:127.0.0.1 - - [04/Dec/2024 09:50:52] "GET /favicon.ico HTTP/1.1" 200 -
DEBUG:urllib3.connectionpool:Starting new HTTP connection (1): 0.0.0.0:4001
WARNING:werkzeug: * Running on all addresses.
   WARNING: This is a development server. Do not use it in a production deployment.
INFO:werkzeug: * Running on http://172.16.0.172:4001/ (Press CTRL+C to quit)
DEBUG:urllib3.connectionpool:Starting new HTTP connection (1): 0.0.0.0:4001
INFO:__main__:Execute Command : iw dev
INFO:__main__:Output : phy#0
	Unnamed/non-netdev interface
		wdev 0x2
		addr f4:c8:8a:e7:4a:e1
		type P2P-device
	Interface wlan0
		ifindex 3
		wdev 0x1
		addr 66:da:34:3f:eb:03
		type managed
		multicast TXQ:
			qsz-byt	qsz-pkt	flows	drops	marks	overlmt	hashcol	tx-bytes	tx-packets
			0	0	0	0	0	0	0	0		0

INFO:werkzeug:127.0.0.1 - - [04/Dec/2024 10:35:14] "POST /jsonrpc HTTP/1.1" 200 -
DEBUG:urllib3.connectionpool:http://0.0.0.0:4001 "POST /jsonrpc HTTP/10" 200 375
WARNING:werkzeug: * Running on all addresses.
   WARNING: This is a development server. Do not use it in a production deployment.
INFO:werkzeug: * Running on http://172.16.0.172:4001/ (Press CTRL+C to quit)
INFO:__main__:Execute Command : sudo nmcli dev wifi connect ssid
INFO:__main__:Output : 
INFO:werkzeug:127.0.0.1 - - [04/Dec/2024 12:30:56] "POST /jsonrpc HTTP/1.1" 200 -
INFO:__main__:Execute Command : sudo nmcli dev wifi connect Potato_2G password 1234567890
INFO:__main__:Output : [2K
Device 'wlan0' successfully activated with '806c902a-84ba-4908-961c-6830febc84a8'.

INFO:werkzeug:127.0.0.1 - - [04/Dec/2024 12:32:14] "POST /jsonrpc HTTP/1.1" 200 -
INFO:__main__:Execute Command : sudo nmcli dev disconnect wlan0 >> /dev/null && echo "SUCCESS" || echo "FAILURE"
INFO:__main__:Output : SUCCESS

INFO:werkzeug:127.0.0.1 - - [04/Dec/2024 12:36:38] "POST /jsonrpc HTTP/1.1" 200 -
